<?xml version="1.0" encoding="UTF-8"?>
<!-- Generated by org.testng.reporters.JUnitReportReporter -->
<testsuite hostname="W10-01604101517" name="com.lili.aaa" tests="1" failures="0" timestamp="15 Apr 2016 15:06:14 GMT" time="0.076" errors="0">
  <testcase name="resourceTest" time="0.076" classname="com.lili.aaa"/>
</testsuite> <!-- com.lili.aaa -->
